0 info it worked if it ends with ok
1 verbose cli [ 'node', '/usr/local/bin/npm', 'install', '-g', 'nodemon' ]
2 info using npm@2.7.5
3 info using node@v0.12.2
4 verbose node symlink /usr/local/bin/node
5 silly cache add args [ 'nodemon', null ]
6 verbose cache add spec nodemon
7 silly cache add parsed spec { raw: 'nodemon',
7 silly cache add   scope: null,
7 silly cache add   name: 'nodemon',
7 silly cache add   rawSpec: '',
7 silly cache add   spec: '*',
7 silly cache add   type: 'range' }
8 verbose addNamed nodemon@*
9 silly addNamed semver.valid null
10 silly addNamed semver.validRange *
11 silly addNameRange { name: 'nodemon', range: '*', hasData: false }
12 silly mapToRegistry name nodemon
13 silly mapToRegistry using default registry
14 silly mapToRegistry registry https://registry.npmjs.org/
15 silly mapToRegistry uri https://registry.npmjs.org/nodemon
16 verbose addNameRange registry:https://registry.npmjs.org/nodemon not in flight; fetching
17 verbose request uri https://registry.npmjs.org/nodemon
18 verbose request no auth needed
19 info attempt registry request try #1 at 14:24:48
20 verbose request id 3dab1e31d737a013
21 verbose etag "EZULG1QC463QDOF7UU1FIOUF3"
22 http request GET https://registry.npmjs.org/nodemon
23 http 304 https://registry.npmjs.org/nodemon
24 silly get cb [ 304,
24 silly get   { date: 'Thu, 23 Jul 2015 20:24:49 GMT',
24 silly get     via: '1.1 varnish',
24 silly get     'cache-control': 'max-age=60',
24 silly get     etag: '"EZULG1QC463QDOF7UU1FIOUF3"',
24 silly get     age: '44',
24 silly get     connection: 'keep-alive',
24 silly get     'x-served-by': 'cache-dfw1826-DFW',
24 silly get     'x-cache': 'HIT',
24 silly get     'x-cache-hits': '1',
24 silly get     'x-timer': 'S1437683089.006994,VS0,VE1',
24 silly get     vary: 'Accept' } ]
25 verbose etag https://registry.npmjs.org/nodemon from cache
26 verbose get saving nodemon to /Users/szilviadeahl/.npm/registry.npmjs.org/nodemon/.cache.json
27 silly addNameRange number 2 { name: 'nodemon', range: '*', hasData: true }
28 silly addNameRange versions [ 'nodemon',
28 silly addNameRange   [ '0.1.4',
28 silly addNameRange     '0.1.5',
28 silly addNameRange     '0.1.6',
28 silly addNameRange     '0.1.7',
28 silly addNameRange     '0.1.8',
28 silly addNameRange     '0.2.0',
28 silly addNameRange     '0.2.1',
28 silly addNameRange     '0.2.2',
28 silly addNameRange     '0.3.0',
28 silly addNameRange     '0.3.1',
28 silly addNameRange     '0.3.2',
28 silly addNameRange     '0.4.0',
28 silly addNameRange     '0.4.1',
28 silly addNameRange     '0.5.0',
28 silly addNameRange     '0.5.1',
28 silly addNameRange     '0.5.2',
28 silly addNameRange     '0.5.3',
28 silly addNameRange     '0.5.4',
28 silly addNameRange     '0.5.5',
28 silly addNameRange     '0.5.6',
28 silly addNameRange     '0.5.7',
28 silly addNameRange     '0.6.0',
28 silly addNameRange     '0.6.1',
28 silly addNameRange     '0.6.2',
28 silly addNameRange     '0.6.3',
28 silly addNameRange     '0.6.4',
28 silly addNameRange     '0.6.5',
28 silly addNameRange     '0.6.6',
28 silly addNameRange     '0.6.7',
28 silly addNameRange     '0.6.8',
28 silly addNameRange     '0.6.9',
28 silly addNameRange     '0.6.10',
28 silly addNameRange     '0.6.11',
28 silly addNameRange     '0.6.12',
28 silly addNameRange     '0.6.13',
28 silly addNameRange     '0.6.14',
28 silly addNameRange     '0.6.15',
28 silly addNameRange     '0.6.16',
28 silly addNameRange     '0.6.17',
28 silly addNameRange     '0.6.18',
28 silly addNameRange     '0.6.19',
28 silly addNameRange     '0.6.20',
28 silly addNameRange     '0.6.21',
28 silly addNameRange     '0.6.22',
28 silly addNameRange     '0.6.23',
28 silly addNameRange     '0.7.0',
28 silly addNameRange     '0.7.1',
28 silly addNameRange     '0.7.2',
28 silly addNameRange     '0.7.3',
28 silly addNameRange     '0.7.4',
28 silly addNameRange     '0.7.5',
28 silly addNameRange     '0.7.6',
28 silly addNameRange     '0.7.7',
28 silly addNameRange     '0.7.8',
28 silly addNameRange     '0.7.10',
28 silly addNameRange     '0.9.0',
28 silly addNameRange     '0.9.1',
28 silly addNameRange     '0.9.2',
28 silly addNameRange     '0.9.3',
28 silly addNameRange     '0.9.5',
28 silly addNameRange     '0.9.6',
28 silly addNameRange     '0.9.7',
28 silly addNameRange     '0.9.10',
28 silly addNameRange     '0.9.11',
28 silly addNameRange     '0.9.12',
28 silly addNameRange     '0.9.14',
28 silly addNameRange     '0.9.16',
28 silly addNameRange     '0.9.17',
28 silly addNameRange     '1.0.0',
28 silly addNameRange     '1.0.1',
28 silly addNameRange     '1.0.2',
28 silly addNameRange     '1.0.2-rc',
28 silly addNameRange     '0.6.10-a',
28 silly addNameRange     '1.0.2-rc3',
28 silly addNameRange     '1.0.2-rc4',
28 silly addNameRange     '1.0.3',
28 silly addNameRange     '1.0.4',
28 silly addNameRange     '1.0.5',
28 silly addNameRange     '1.0.6',
28 silly addNameRange     '1.0.7',
28 silly addNameRange     '1.0.8',
28 silly addNameRange     '1.0.9',
28 silly addNameRange     '1.0.10',
28 silly addNameRange     '1.0.11',
28 silly addNameRange     '1.0.12',
28 silly addNameRange     '1.0.13',
28 silly addNameRange     '1.0.14',
28 silly addNameRange     '1.0.15',
28 silly addNameRange     '1.0.16',
28 silly addNameRange     '1.0.17-rc1',
28 silly addNameRange     '1.0.17-rc2',
28 silly addNameRange     '1.0.17',
28 silly addNameRange     '1.0.18',
28 silly addNameRange     '1.0.19',
28 silly addNameRange     '1.0.20',
28 silly addNameRange     '1.1.0-alpha',
28 silly addNameRange     '1.1.0',
28 silly addNameRange     '1.1.1',
28 silly addNameRange     '1.2.0',
28 silly addNameRange     '1.2.1',
28 silly addNameRange     '1.3.0-0',
28 silly addNameRange     '1.3.0-1',
28 silly addNameRange     '1.3.0-2',
28 silly addNameRange     '1.3.0-3',
28 silly addNameRange     '1.3.0-4',
28 silly addNameRange     '1.3.0-5',
28 silly addNameRange     '1.3.0-6',
28 silly addNameRange     '1.3.0-7',
28 silly addNameRange     '1.3.0',
28 silly addNameRange     '1.3.1',
28 silly addNameRange     '1.3.2',
28 silly addNameRange     '1.3.3',
28 silly addNameRange     '1.3.5',
28 silly addNameRange     '1.3.6',
28 silly addNameRange     '1.3.7',
28 silly addNameRange     '1.3.8' ] ]
29 verbose addNamed nodemon@1.3.8
30 silly addNamed semver.valid 1.3.8
31 silly addNamed semver.validRange 1.3.8
32 silly cache afterAdd nodemon@1.3.8
33 verbose afterAdd /Users/szilviadeahl/.npm/nodemon/1.3.8/package/package.json not in flight; writing
34 verbose afterAdd /Users/szilviadeahl/.npm/nodemon/1.3.8/package/package.json written
35 silly install resolved [ { name: 'nodemon',
35 silly install resolved     homepage: 'http://nodemon.io',
35 silly install resolved     author: { name: 'Remy Sharp', url: 'http://github.com/remy' },
35 silly install resolved     bin: { nodemon: './bin/nodemon.js' },
35 silly install resolved     engines: { node: '>=0.8' },
35 silly install resolved     repository: { type: 'git', url: 'http://github.com/remy/nodemon.git' },
35 silly install resolved     description: 'Simple monitor script for use during development of a node.js app.',
35 silly install resolved     keywords:
35 silly install resolved      [ 'monitor',
35 silly install resolved        'development',
35 silly install resolved        'restart',
35 silly install resolved        'autoload',
35 silly install resolved        'reload',
35 silly install resolved        'terminal' ],
35 silly install resolved     version: '1.3.8',
35 silly install resolved     preferGlobal: 'true',
35 silly install resolved     license: 'MIT',
35 silly install resolved     main: './lib/nodemon',
35 silly install resolved     scripts:
35 silly install resolved      { coverage: 'istanbul cover _mocha -- --timeout 30000 --ui bdd --reporter list test/**/*.test.js',
35 silly install resolved        ':test': 'mocha --timeout 30000 --ui bdd test/**/*.test.js',
35 silly install resolved        test: 'for FILE in test/**/*.test.js; do echo $FILE; ./node_modules/.bin/mocha --timeout 30000 $FILE; if [ $? -ne 0 ]; then exit 1; fi; sleep 1; done',
35 silly install resolved        web: 'node web' },
35 silly install resolved     devDependencies:
35 silly install resolved      { 'coffee-script': '~1.7.1',
35 silly install resolved        connect: '~2.19.1',
35 silly install resolved        istanbul: '~0.2.10',
35 silly install resolved        mocha: '^2.0.1',
35 silly install resolved        should: '~4.0.0' },
35 silly install resolved     dependencies:
35 silly install resolved      { minimatch: '~0.3.0',
35 silly install resolved        'ps-tree': '~0.0.3',
35 silly install resolved        touch: '~0.0.3',
35 silly install resolved        'update-notifier': '^0.3.0' },
35 silly install resolved     gitHead: '698dc26aacc4c4759abdc5cb9dd3c8588d0cac5c',
35 silly install resolved     bugs: { url: 'https://github.com/remy/nodemon/issues' },
35 silly install resolved     _id: 'nodemon@1.3.8',
35 silly install resolved     _shasum: '40723a96278edeaac48205a1c570cbf4070a6a8e',
35 silly install resolved     _from: 'nodemon@*',
35 silly install resolved     _npmVersion: '1.4.28',
35 silly install resolved     _npmUser: { name: 'remy', email: 'remy@remysharp.com' },
35 silly install resolved     maintainers: [ [Object] ],
35 silly install resolved     dist:
35 silly install resolved      { shasum: '40723a96278edeaac48205a1c570cbf4070a6a8e',
35 silly install resolved        tarball: 'http://registry.npmjs.org/nodemon/-/nodemon-1.3.8.tgz' },
35 silly install resolved     directories: {},
35 silly install resolved     _resolved: 'https://registry.npmjs.org/nodemon/-/nodemon-1.3.8.tgz',
35 silly install resolved     readme: 'ERROR: No README data found!' } ]
36 info install nodemon@1.3.8 into /usr/local/lib
37 info installOne nodemon@1.3.8
38 verbose installOne of nodemon to /usr/local/lib not in flight; installing
39 verbose lock using /Users/szilviadeahl/.npm/_locks/nodemon-49f7ed19e778991e.lock for /usr/local/lib/node_modules/nodemon
40 silly install write writing nodemon 1.3.8 to /usr/local/lib/node_modules/nodemon
41 silly cache addNamed cb nodemon@1.3.8
42 verbose unbuild lib/node_modules/nodemon
43 info preuninstall nodemon@1.3.7
44 info uninstall nodemon@1.3.7
45 verbose unbuild rmStuff nodemon@1.3.7 from /usr/local/lib/node_modules
46 silly gentlyRm /usr/local/bin/nodemon is being gently removed
47 silly gentlyRm verifying /usr/local is an npm working directory
48 silly gentlyRm containing path /usr/local is under npm's control, in /usr/local
49 silly gentlyRm deletion target /usr/local/bin/nodemon is under /usr/local
50 verbose gentlyRm vacuuming from /usr/local/bin/nodemon up to /usr/local
51 info postuninstall nodemon@1.3.7
52 silly gentlyRm /usr/local/lib/node_modules/nodemon is being purged from base /usr/local
53 verbose gentlyRm don't care about contents; nuking /usr/local/lib/node_modules/nodemon
54 silly vacuum-fs purging /usr/local/lib/node_modules/nodemon
55 verbose unlock done using /Users/szilviadeahl/.npm/_locks/nodemon-49f7ed19e778991e.lock for /usr/local/lib/node_modules/nodemon
56 verbose stack Error: EACCES, unlink '/usr/local/lib/node_modules/nodemon/.jshintrc'
56 verbose stack     at Error (native)
57 verbose cwd /Users/szilviadeahl/workspace/express/express-crud-assessment
58 error Darwin 14.4.0
59 error argv "node" "/usr/local/bin/npm" "install" "-g" "nodemon"
60 error node v0.12.2
61 error npm  v2.7.5
62 error path /usr/local/lib/node_modules/nodemon/.jshintrc
63 error code EACCES
64 error errno -13
65 error Error: EACCES, unlink '/usr/local/lib/node_modules/nodemon/.jshintrc'
65 error     at Error (native)
65 error  { [Error: EACCES, unlink '/usr/local/lib/node_modules/nodemon/.jshintrc']
65 error   errno: -13,
65 error   code: 'EACCES',
65 error   path: '/usr/local/lib/node_modules/nodemon/.jshintrc' }
66 error Please try running this command again as root/Administrator.
67 verbose exit [ -13, true ]
68 verbose unbuild lib/node_modules/nodemon
69 info preuninstall nodemon@1.3.7
70 info uninstall nodemon@1.3.7
71 verbose unbuild rmStuff nodemon@1.3.7 from /usr/local/lib/node_modules
72 silly gentlyRm /usr/local/bin/nodemon is being gently removed
73 silly gentlyRm verifying /usr/local is an npm working directory
74 silly gentlyRm containing path /usr/local is under npm's control, in /usr/local
75 silly gentlyRm deletion target /usr/local/bin/nodemon is under /usr/local
76 verbose gentlyRm vacuuming from /usr/local/bin/nodemon up to /usr/local
77 info postuninstall nodemon@1.3.7
78 silly gentlyRm /usr/local/lib/node_modules/nodemon is being purged from base /usr/local
79 verbose gentlyRm don't care about contents; nuking /usr/local/lib/node_modules/nodemon
80 silly vacuum-fs purging /usr/local/lib/node_modules/nodemon
81 error error rolling back Error: EACCES, unlink '/usr/local/lib/node_modules/nodemon/.jshintrc'
81 error error rolling back     at Error (native)
81 error error rolling back  { [Error: EACCES, unlink '/usr/local/lib/node_modules/nodemon/.jshintrc']
81 error error rolling back   errno: -13,
81 error error rolling back   code: 'EACCES',
81 error error rolling back   path: '/usr/local/lib/node_modules/nodemon/.jshintrc' }
